18:42:20.318 [main] INFO  dorogokupets.arraytask.service.impl.ArrayExecuteServiceImpl - Count positive numbers = 8
18:42:20.343 [main] INFO  dorogokupets.arraytask.service.impl.ArrayExecuteServiceImpl - Count negative numbers = 0
18:42:20.346 [main] INFO  dorogokupets.arraytask.service.impl.ArrayExecuteServiceImpl - Min value = 6
18:42:20.349 [main] INFO  dorogokupets.arraytask.service.impl.ArrayExecuteServiceImpl - Max value = 67
18:42:20.356 [main] INFO  dorogokupets.arraytask.service.impl.ArrayExecuteServiceImpl - Average of the array = 25.125
18:42:20.361 [main] INFO  dorogokupets.arraytask.service.impl.ArrayExecuteServiceImpl - Sum array numbers = 201
18:42:45.760 [main] INFO  dorogokupets.arraytask.service.impl.ArrayExecuteServiceImpl - Count positive numbers = 8
18:42:45.790 [main] INFO  dorogokupets.arraytask.service.impl.ArrayExecuteServiceImpl - Count negative numbers = 0
18:42:45.793 [main] INFO  dorogokupets.arraytask.service.impl.ArrayExecuteServiceImpl - Min value = 6
18:42:45.797 [main] INFO  dorogokupets.arraytask.service.impl.ArrayExecuteServiceImpl - Max value = 67
18:42:45.805 [main] INFO  dorogokupets.arraytask.service.impl.ArrayExecuteServiceImpl - Average of the array = 25.125
18:42:45.813 [main] INFO  dorogokupets.arraytask.service.impl.ArrayExecuteServiceImpl - Sum array numbers = 201
18:42:52.785 [main] INFO  dorogokupets.arraytask.service.impl.ArrayExecuteServiceImpl - Count positive numbers = 8
18:42:52.811 [main] INFO  dorogokupets.arraytask.service.impl.ArrayExecuteServiceImpl - Count negative numbers = 0
18:42:52.814 [main] INFO  dorogokupets.arraytask.service.impl.ArrayExecuteServiceImpl - Min value = 6
18:42:52.817 [main] INFO  dorogokupets.arraytask.service.impl.ArrayExecuteServiceImpl - Max value = 67
18:42:52.823 [main] INFO  dorogokupets.arraytask.service.impl.ArrayExecuteServiceImpl - Average of the array = 25.125
18:42:52.827 [main] INFO  dorogokupets.arraytask.service.impl.ArrayExecuteServiceImpl - Sum array numbers = 201
18:42:58.978 [main] INFO  dorogokupets.arraytask.service.impl.ArrayExecuteServiceImpl - Count positive numbers = 8
18:42:59.003 [main] INFO  dorogokupets.arraytask.service.impl.ArrayExecuteServiceImpl - Count negative numbers = 0
18:42:59.006 [main] INFO  dorogokupets.arraytask.service.impl.ArrayExecuteServiceImpl - Min value = 6
18:42:59.010 [main] INFO  dorogokupets.arraytask.service.impl.ArrayExecuteServiceImpl - Max value = 67
18:42:59.017 [main] INFO  dorogokupets.arraytask.service.impl.ArrayExecuteServiceImpl - Average of the array = 25.125
18:42:59.022 [main] INFO  dorogokupets.arraytask.service.impl.ArrayExecuteServiceImpl - Sum array numbers = 201
18:43:18.409 [main] INFO  dorogokupets.arraytask.service.impl.ArrayExecuteServiceImpl - Count positive numbers = 8
18:43:18.430 [main] INFO  dorogokupets.arraytask.service.impl.ArrayExecuteServiceImpl - Count negative numbers = 0
18:43:18.433 [main] INFO  dorogokupets.arraytask.service.impl.ArrayExecuteServiceImpl - Min value = 6
18:43:18.438 [main] INFO  dorogokupets.arraytask.service.impl.ArrayExecuteServiceImpl - Max value = 67
