18:43:18.446 [main] INFO  dorogokupets.arraytask.service.impl.ArrayExecuteServiceImpl - Average of the array = 25.125
18:43:18.468 [main] INFO  dorogokupets.arraytask.service.impl.ArrayExecuteServiceImpl - Sum array numbers = 201
18:44:41.355 [main] INFO  dorogokupets.arraytask.service.impl.ArrayExecuteServiceImpl - Count positive numbers = 8
18:44:41.378 [main] INFO  dorogokupets.arraytask.service.impl.ArrayExecuteServiceImpl - Count negative numbers = 0
18:44:41.381 [main] INFO  dorogokupets.arraytask.service.impl.ArrayExecuteServiceImpl - Min value = 6
18:44:41.386 [main] INFO  dorogokupets.arraytask.service.impl.ArrayExecuteServiceImpl - Max value = 67
18:44:41.397 [main] INFO  dorogokupets.arraytask.service.impl.ArrayExecuteServiceImpl - Average of the array = 25.125
18:44:41.406 [main] INFO  dorogokupets.arraytask.service.impl.ArrayExecuteServiceImpl - Sum array numbers = 201
18:44:50.360 [main] INFO  dorogokupets.arraytask.service.impl.ArrayExecuteServiceImpl - Count positive numbers = 8
18:44:50.386 [main] INFO  dorogokupets.arraytask.service.impl.ArrayExecuteServiceImpl - Count negative numbers = 0
18:44:50.389 [main] INFO  dorogokupets.arraytask.service.impl.ArrayExecuteServiceImpl - Min value = 6
18:44:50.393 [main] INFO  dorogokupets.arraytask.service.impl.ArrayExecuteServiceImpl - Max value = 67
18:44:50.400 [main] INFO  dorogokupets.arraytask.service.impl.ArrayExecuteServiceImpl - Average of the array = 25.125
18:44:50.405 [main] INFO  dorogokupets.arraytask.service.impl.ArrayExecuteServiceImpl - Sum array numbers = 201
18:44:57.211 [main] INFO  dorogokupets.arraytask.service.impl.ArrayExecuteServiceImpl - Count positive numbers = 8
18:44:57.239 [main] INFO  dorogokupets.arraytask.service.impl.ArrayExecuteServiceImpl - Count negative numbers = 0
18:44:57.242 [main] INFO  dorogokupets.arraytask.service.impl.ArrayExecuteServiceImpl - Min value = 6
18:44:57.246 [main] INFO  dorogokupets.arraytask.service.impl.ArrayExecuteServiceImpl - Max value = 67
18:44:57.253 [main] INFO  dorogokupets.arraytask.service.impl.ArrayExecuteServiceImpl - Average of the array = 25.125
18:44:57.258 [main] INFO  dorogokupets.arraytask.service.impl.ArrayExecuteServiceImpl - Sum array numbers = 201
18:45:03.290 [main] INFO  dorogokupets.arraytask.service.impl.ArrayExecuteServiceImpl - Count positive numbers = 8
18:45:03.319 [main] INFO  dorogokupets.arraytask.service.impl.ArrayExecuteServiceImpl - Count negative numbers = 0
18:45:03.322 [main] INFO  dorogokupets.arraytask.service.impl.ArrayExecuteServiceImpl - Min value = 6
18:45:03.326 [main] INFO  dorogokupets.arraytask.service.impl.ArrayExecuteServiceImpl - Max value = 67
18:45:03.332 [main] INFO  dorogokupets.arraytask.service.impl.ArrayExecuteServiceImpl - Average of the array = 25.125
18:45:03.338 [main] INFO  dorogokupets.arraytask.service.impl.ArrayExecuteServiceImpl - Sum array numbers = 201
18:45:10.577 [main] INFO  dorogokupets.arraytask.service.impl.ArrayExecuteServiceImpl - Count positive numbers = 8
18:45:10.599 [main] INFO  dorogokupets.arraytask.service.impl.ArrayExecuteServiceImpl - Count negative numbers = 0
